<?xml version="1.0" encoding="UTF-8"?>
<testng-results skipped="0" failed="0" ignored="0" total="1" passed="1">
  <reporter-output>
  </reporter-output>
  <suite name="Default suite" duration-ms="8350" started-at="2020-08-30T12:19:19 CDT" finished-at="2020-08-30T12:19:27 CDT">
    <groups>
    </groups>
    <test name="Default test" duration-ms="8350" started-at="2020-08-30T12:19:19 CDT" finished-at="2020-08-30T12:19:27 CDT">
      <class name="TEST.VerifyPlz">
        <test-method status="PASS" signature="browser()[pri:0, instance:TEST.VerifyPlz@3439f68d]" name="browser" duration-ms="8314" started-at="2020-08-30T12:19:19 CDT" finished-at="2020-08-30T12:19:27 CDT">
          <reporter-output>
          </reporter-output>
        </test-method> <!-- browser -->
      </class> <!-- TEST.VerifyPlz -->
    </test> <!-- Default test -->
  </suite> <!-- Default suite -->
</testng-results>
